[ 2018-04-27T00:35:17+08:00 ] ::1 /new_info/admin.php?c=position&a=index
INFO: [ app_init ] --START--
INFO: Run Behavior\BuildLiteBehavior [ RunTime:0.000076s ]
INFO: [ app_init ] --END-- [ RunTime:0.002030s ]
INFO: [ app_begin ] --START--
INFO: Run Behavior\ReadHtmlCacheBehavior [ RunTime:0.004517s ]
INFO: [ app_begin ] --END-- [ RunTime:0.004703s ]
SQL: SHOW COLUMNS FROM `cms_position` [ RunTime:0.0293s ]
SQL: SHOW COLUMNS FROM `cms_position` [ RunTime:0.0306s ]
SQL: SELECT * FROM `cms_position` WHERE `status` <> -1 ORDER BY update_time desc, status desc  [ RunTime:0.0017s ]
INFO: [ view_parse ] --START--
INFO: [ template_filter ] --START--
INFO: Run Behavior\ContentReplaceBehavior [ RunTime:0.000245s ]
INFO: [ template_filter ] --END-- [ RunTime:0.000433s ]
SQL: SHOW COLUMNS FROM `cms_menu` [ RunTime:0.0400s ]
SQL: SHOW COLUMNS FROM `cms_menu` [ RunTime:0.0371s ]
SQL: SELECT * FROM `cms_menu` WHERE `status` <> -1 AND `type` = 1 ORDER BY listorder desc, menu_id desc  [ RunTime:0.0018s ]
INFO: Run Behavior\ParseTemplateBehavior [ RunTime:0.130276s ]
INFO: [ view_parse ] --END-- [ RunTime:0.130478s ]
INFO: [ view_filter ] --START--
INFO: Run Behavior\WriteHtmlCacheBehavior [ RunTime:0.002439s ]
INFO: [ view_filter ] --END-- [ RunTime:0.002573s ]
INFO: [ app_end ] --START--
INFO: Run Behavior\ShowPageTraceBehavior [ RunTime:0.003477s ]
INFO: [ app_end ] --END-- [ RunTime:0.003685s ]

[ 2018-04-27T00:36:25+08:00 ] ::1 /new_info/admin.php?c=positioncontent&a=index
INFO: [ app_init ] --START--
INFO: Run Behavior\BuildLiteBehavior [ RunTime:0.000081s ]
INFO: [ app_init ] --END-- [ RunTime:0.001564s ]
INFO: [ app_begin ] --START--
INFO: Run Behavior\ReadHtmlCacheBehavior [ RunTime:0.002860s ]
INFO: [ app_begin ] --END-- [ RunTime:0.003088s ]
SQL: SHOW COLUMNS FROM `cms_position_content` [ RunTime:0.0251s ]
SQL: SHOW COLUMNS FROM `cms_position_content` [ RunTime:0.0324s ]
SQL: SELECT * FROM `cms_position_content` WHERE `position_id` = 2 AND `status` <> -1 ORDER BY listorder desc,id desc  [ RunTime:0.0015s ]
NOTIC: [8] Undefined index: title D:\php\Apache24\htdocs\New_info\Application\Admin\Controller\PositioncontentController.class.php 第 28 行.
SQL: SHOW COLUMNS FROM `cms_position` [ RunTime:0.0264s ]
SQL: SHOW COLUMNS FROM `cms_position` [ RunTime:0.0275s ]
SQL: SELECT * FROM `cms_position` WHERE `status` <> -1 ORDER BY update_time desc, status desc  [ RunTime:0.0017s ]
INFO: [ view_parse ] --START--
INFO: [ template_filter ] --START--
INFO: Run Behavior\ContentReplaceBehavior [ RunTime:0.000248s ]
INFO: [ template_filter ] --END-- [ RunTime:0.000372s ]
SQL: SHOW COLUMNS FROM `cms_menu` [ RunTime:0.0267s ]
SQL: SHOW COLUMNS FROM `cms_menu` [ RunTime:0.0249s ]
SQL: SELECT * FROM `cms_menu` WHERE `status` <> -1 AND `type` = 1 ORDER BY listorder desc, menu_id desc  [ RunTime:0.0014s ]
INFO: Run Behavior\ParseTemplateBehavior [ RunTime:0.103624s ]
INFO: [ view_parse ] --END-- [ RunTime:0.103754s ]
INFO: [ view_filter ] --START--
INFO: Run Behavior\WriteHtmlCacheBehavior [ RunTime:0.002082s ]
INFO: [ view_filter ] --END-- [ RunTime:0.002196s ]
INFO: [ app_end ] --START--
INFO: Run Behavior\ShowPageTraceBehavior [ RunTime:0.003956s ]
INFO: [ app_end ] --END-- [ RunTime:0.004149s ]

[ 2018-04-27T00:38:29+08:00 ] ::1 /new_info/admin.php?c=position&a=index
INFO: [ app_init ] --START--
INFO: Run Behavior\BuildLiteBehavior [ RunTime:0.000040s ]
INFO: [ app_init ] --END-- [ RunTime:0.001527s ]
INFO: [ app_begin ] --START--
INFO: Run Behavior\ReadHtmlCacheBehavior [ RunTime:0.002763s ]
INFO: [ app_begin ] --END-- [ RunTime:0.002949s ]
SQL: SHOW COLUMNS FROM `cms_position` [ RunTime:0.0254s ]
SQL: SHOW COLUMNS FROM `cms_position` [ RunTime:0.0254s ]
SQL: SELECT * FROM `cms_position` WHERE `status` <> -1 ORDER BY update_time desc, status desc  [ RunTime:0.0014s ]
INFO: [ view_parse ] --START--
INFO: [ template_filter ] --START--
INFO: Run Behavior\ContentReplaceBehavior [ RunTime:0.000230s ]
INFO: [ template_filter ] --END-- [ RunTime:0.000359s ]
SQL: SHOW COLUMNS FROM `cms_menu` [ RunTime:0.0259s ]
SQL: SHOW COLUMNS FROM `cms_menu` [ RunTime:0.0283s ]
SQL: SELECT * FROM `cms_menu` WHERE `status` <> -1 AND `type` = 1 ORDER BY listorder desc, menu_id desc  [ RunTime:0.0012s ]
INFO: Run Behavior\ParseTemplateBehavior [ RunTime:0.102001s ]
INFO: [ view_parse ] --END-- [ RunTime:0.102251s ]
INFO: [ view_filter ] --START--
INFO: Run Behavior\WriteHtmlCacheBehavior [ RunTime:0.002026s ]
INFO: [ view_filter ] --END-- [ RunTime:0.002147s ]
INFO: [ app_end ] --START--
INFO: Run Behavior\ShowPageTraceBehavior [ RunTime:0.003334s ]
INFO: [ app_end ] --END-- [ RunTime:0.003487s ]

[ 2018-04-27T00:38:33+08:00 ] ::1 /new_info/admin.php?c=positioncontent&a=index
INFO: [ app_init ] --START--
INFO: Run Behavior\BuildLiteBehavior [ RunTime:0.000044s ]
INFO: [ app_init ] --END-- [ RunTime:0.001248s ]
INFO: [ app_begin ] --START--
INFO: Run Behavior\ReadHtmlCacheBehavior [ RunTime:0.002282s ]
INFO: [ app_begin ] --END-- [ RunTime:0.002426s ]
SQL: SHOW COLUMNS FROM `cms_position_content` [ RunTime:0.0248s ]
SQL: SHOW COLUMNS FROM `cms_position_content` [ RunTime:0.0311s ]
SQL: SELECT * FROM `cms_position_content` WHERE `position_id` = 2 AND `status` <> -1 ORDER BY listorder desc,id desc  [ RunTime:0.0013s ]
NOTIC: [8] Undefined index: title D:\php\Apache24\htdocs\New_info\Application\Admin\Controller\PositioncontentController.class.php 第 28 行.
SQL: SHOW COLUMNS FROM `cms_position` [ RunTime:0.0251s ]
SQL: SHOW COLUMNS FROM `cms_position` [ RunTime:0.0294s ]
SQL: SELECT * FROM `cms_position` WHERE `status` <> -1 ORDER BY update_time desc, status desc  [ RunTime:0.0014s ]
INFO: [ view_parse ] --START--
INFO: [ template_filter ] --START--
INFO: Run Behavior\ContentReplaceBehavior [ RunTime:0.000287s ]
INFO: [ template_filter ] --END-- [ RunTime:0.000411s ]
SQL: SHOW COLUMNS FROM `cms_menu` [ RunTime:0.0304s ]
SQL: SHOW COLUMNS FROM `cms_menu` [ RunTime:0.0287s ]
SQL: SELECT * FROM `cms_menu` WHERE `status` <> -1 AND `type` = 1 ORDER BY listorder desc, menu_id desc  [ RunTime:0.0014s ]
INFO: Run Behavior\ParseTemplateBehavior [ RunTime:0.111808s ]
INFO: [ view_parse ] --END-- [ RunTime:0.111994s ]
INFO: [ view_filter ] --START--
INFO: Run Behavior\WriteHtmlCacheBehavior [ RunTime:0.003319s ]
INFO: [ view_filter ] --END-- [ RunTime:0.003518s ]
INFO: [ app_end ] --START--
INFO: Run Behavior\ShowPageTraceBehavior [ RunTime:0.004036s ]
INFO: [ app_end ] --END-- [ RunTime:0.004259s ]

[ 2018-04-27T00:43:10+08:00 ] ::1 /new_info/admin.php?c=admin&a=index
INFO: [ app_init ] --START--
INFO: Run Behavior\BuildLiteBehavior [ RunTime:0.000080s ]
INFO: [ app_init ] --END-- [ RunTime:0.001561s ]
INFO: [ app_begin ] --START--
INFO: Run Behavior\ReadHtmlCacheBehavior [ RunTime:0.003805s ]
INFO: [ app_begin ] --END-- [ RunTime:0.004103s ]
SQL: SHOW COLUMNS FROM `cms_admin` [ RunTime:0.0325s ]
SQL: SELECT * FROM `cms_admin`  [ RunTime:0.0014s ]
INFO: [ view_parse ] --START--
INFO: [ template_filter ] --START--
INFO: Run Behavior\ContentReplaceBehavior [ RunTime:0.000210s ]
INFO: [ template_filter ] --END-- [ RunTime:0.000336s ]
SQL: SHOW COLUMNS FROM `cms_menu` [ RunTime:0.0277s ]
SQL: SHOW COLUMNS FROM `cms_menu` [ RunTime:0.0292s ]
SQL: SELECT * FROM `cms_menu` WHERE `status` <> -1 AND `type` = 1 ORDER BY listorder desc, menu_id desc  [ RunTime:0.0012s ]
NOTIC: [8] Array to string conversion D:\php\Apache24\htdocs\New_info\Application\Runtime\Cache\Admin\b682812e058c4f7cab74d08ab9eabe11.php 第 104 行.
INFO: Run Behavior\ParseTemplateBehavior [ RunTime:0.102282s ]
INFO: [ view_parse ] --END-- [ RunTime:0.102415s ]
INFO: [ view_filter ] --START--
INFO: Run Behavior\WriteHtmlCacheBehavior [ RunTime:0.002068s ]
INFO: [ view_filter ] --END-- [ RunTime:0.002190s ]
INFO: [ app_end ] --START--
INFO: Run Behavior\ShowPageTraceBehavior [ RunTime:0.003673s ]
INFO: [ app_end ] --END-- [ RunTime:0.003895s ]

[ 2018-04-27T00:43:14+08:00 ] ::1 /new_info/admin.php?c=admin&a=add
INFO: [ app_init ] --START--
INFO: Run Behavior\BuildLiteBehavior [ RunTime:0.000068s ]
INFO: [ app_init ] --END-- [ RunTime:0.002157s ]
INFO: [ app_begin ] --START--
INFO: Run Behavior\ReadHtmlCacheBehavior [ RunTime:0.002480s ]
INFO: [ app_begin ] --END-- [ RunTime:0.002650s ]
INFO: [ view_parse ] --START--
INFO: [ template_filter ] --START--
INFO: Run Behavior\ContentReplaceBehavior [ RunTime:0.000200s ]
INFO: [ template_filter ] --END-- [ RunTime:0.000342s ]
SQL: SHOW COLUMNS FROM `cms_menu` [ RunTime:0.0254s ]
SQL: SHOW COLUMNS FROM `cms_menu` [ RunTime:0.0320s ]
SQL: SELECT * FROM `cms_menu` WHERE `status` <> -1 AND `type` = 1 ORDER BY listorder desc, menu_id desc  [ RunTime:0.0012s ]
INFO: Run Behavior\ParseTemplateBehavior [ RunTime:0.143666s ]
INFO: [ view_parse ] --END-- [ RunTime:0.143837s ]
INFO: [ view_filter ] --START--
INFO: Run Behavior\WriteHtmlCacheBehavior [ RunTime:0.002022s ]
INFO: [ view_filter ] --END-- [ RunTime:0.002144s ]
INFO: [ app_end ] --START--
INFO: Run Behavior\ShowPageTraceBehavior [ RunTime:0.002838s ]
INFO: [ app_end ] --END-- [ RunTime:0.002965s ]

[ 2018-04-27T00:43:30+08:00 ] ::1 /new_info/admin.php?c=admin&a=index
INFO: [ app_init ] --START--
INFO: Run Behavior\BuildLiteBehavior [ RunTime:0.000041s ]
INFO: [ app_init ] --END-- [ RunTime:0.001366s ]
INFO: [ app_begin ] --START--
INFO: Run Behavior\ReadHtmlCacheBehavior [ RunTime:0.002347s ]
INFO: [ app_begin ] --END-- [ RunTime:0.002508s ]
SQL: SHOW COLUMNS FROM `cms_admin` [ RunTime:0.0275s ]
SQL: SELECT * FROM `cms_admin`  [ RunTime:0.0015s ]
INFO: [ view_parse ] --START--
INFO: [ template_filter ] --START--
INFO: Run Behavior\ContentReplaceBehavior [ RunTime:0.000367s ]
INFO: [ template_filter ] --END-- [ RunTime:0.000569s ]
SQL: SHOW COLUMNS FROM `cms_menu` [ RunTime:0.0257s ]
SQL: SHOW COLUMNS FROM `cms_menu` [ RunTime:0.0258s ]
SQL: SELECT * FROM `cms_menu` WHERE `status` <> -1 AND `type` = 1 ORDER BY listorder desc, menu_id desc  [ RunTime:0.0016s ]
NOTIC: [8] Array to string conversion D:\php\Apache24\htdocs\New_info\Application\Runtime\Cache\Admin\b682812e058c4f7cab74d08ab9eabe11.php 第 104 行.
INFO: Run Behavior\ParseTemplateBehavior [ RunTime:0.100536s ]
INFO: [ view_parse ] --END-- [ RunTime:0.100836s ]
INFO: [ view_filter ] --START--
INFO: Run Behavior\WriteHtmlCacheBehavior [ RunTime:0.003195s ]
INFO: [ view_filter ] --END-- [ RunTime:0.003394s ]
INFO: [ app_end ] --START--
INFO: Run Behavior\ShowPageTraceBehavior [ RunTime:0.004085s ]
INFO: [ app_end ] --END-- [ RunTime:0.004326s ]

[ 2018-04-27T00:43:35+08:00 ] ::1 /new_info/admin.php?c=admin&a=delete
INFO: [ app_init ] --START--
INFO: Run Behavior\BuildLiteBehavior [ RunTime:0.000042s ]
INFO: [ app_init ] --END-- [ RunTime:0.001260s ]
INFO: [ app_begin ] --START--
INFO: Run Behavior\ReadHtmlCacheBehavior [ RunTime:0.003013s ]
INFO: [ app_begin ] --END-- [ RunTime:0.003180s ]
SQL: SHOW COLUMNS FROM `cms_admin` [ RunTime:0.0261s ]
SQL: UPDATE `cms_admin` SET `status`='1' WHERE ( admin_id=2 ) [ RunTime:0.0021s ]

